12:36:18.301 [main] INFO  nabiOopFinal.nabiRentalApp - Starting nabiRentalApp using Java 20 with PID 7132 (C:\Users\BAKU\Documents\prj-rent-a-car-app-NabiShirinov-1\nabiFinalOop\oop\target\classes started by Nabi in C:\Users\BAKU\Documents\prj-rent-a-car-app-NabiShirinov-1\nabiFinalOop\oop)
12:36:18.310 [main] INFO  nabiOopFinal.nabiRentalApp - No active profile set, falling back to 1 default profile: "default"
12:36:19.970 [main] INFO  o.s.d.r.c.RepositoryConfigurationDelegate - Bootstrapping Spring Data JPA repositories in DEFAULT mode.
12:36:20.080 [main] INFO  o.s.d.r.c.RepositoryConfigurationDelegate - Finished Spring Data repository scanning in 95 ms. Found 3 JPA repository interfaces.
12:36:21.057 [main] INFO  o.s.b.w.e.tomcat.TomcatWebServer - Tomcat initialized with port 8090 (http)
12:36:21.072 [main] INFO  o.a.coyote.http11.Http11NioProtocol - Initializing ProtocolHandler ["http-nio-0.0.0.0-8090"]
12:36:21.077 [main] INFO  o.a.catalina.core.StandardService - Starting service [Tomcat]
12:36:21.077 [main] INFO  o.a.catalina.core.StandardEngine - Starting Servlet engine: [Apache Tomcat/10.1.16]
12:36:21.167 [main] INFO  o.a.c.c.C.[Tomcat].[localhost].[/] - Initializing Spring embedded WebApplicationContext
12:36:21.169 [main] INFO  o.s.b.w.s.c.ServletWebServerApplicationContext - Root WebApplicationContext: initialization completed in 2774 ms
12:36:21.405 [main] INFO  o.h.jpa.internal.util.LogHelper - HHH000204: Processing PersistenceUnitInfo [name: default]
12:36:21.507 [main] INFO  org.hibernate.Version - HHH000412: Hibernate ORM core version 6.3.1.Final
12:36:21.572 [main] INFO  o.h.c.i.RegionFactoryInitiator - HHH000026: Second-level cache disabled
12:36:21.958 [main] INFO  o.s.o.j.p.SpringPersistenceUnitInfo - No LoadTimeWeaver setup: ignoring JPA class transformer
12:36:21.997 [main] INFO  com.zaxxer.hikari.HikariDataSource - HikariPool-1 - Starting...
12:36:22.342 [main] INFO  com.zaxxer.hikari.pool.HikariPool - HikariPool-1 - Added connection org.postgresql.jdbc.PgConnection@1a7e799e
12:36:22.344 [main] INFO  com.zaxxer.hikari.HikariDataSource - HikariPool-1 - Start completed.
12:36:23.875 [main] INFO  o.h.e.t.j.p.i.JtaPlatformInitiator - HHH000489: No JTA platform available (set 'hibernate.transaction.jta.platform' to enable JTA platform integration)
12:36:23.997 [main] INFO  o.s.o.j.LocalContainerEntityManagerFactoryBean - Initialized JPA EntityManagerFactory for persistence unit 'default'
12:36:24.521 [main] INFO  o.s.d.j.r.query.QueryEnhancerFactory - Hibernate is in classpath; If applicable, HQL parser will be used.
12:36:25.581 [main] WARN  o.s.b.a.o.j.JpaBaseConfiguration$JpaWebConfiguration - spring.jpa.open-in-view is enabled by default. Therefore, database queries may be performed during view rendering. Explicitly configure spring.jpa.open-in-view to disable this warning
12:36:26.911 [main] INFO  o.s.s.web.DefaultSecurityFilterChain - Will secure any request with [org.springframework.security.web.session.DisableEncodeUrlFilter@1a7f6678, org.springframework.security.web.context.request.async.WebAsyncManagerIntegrationFilter@3b47178c, org.springframework.security.web.context.SecurityContextHolderFilter@1b261005, org.springframework.security.web.header.HeaderWriterFilter@6565691a, org.springframework.security.web.authentication.logout.LogoutFilter@3beee525, nabiOopFinal.security.JwtAuthenticationFilter@746f5752, org.springframework.security.web.savedrequest.RequestCacheAwareFilter@55704859, org.springframework.security.web.servletapi.SecurityContextHolderAwareRequestFilter@75351aec, org.springframework.security.web.authentication.AnonymousAuthenticationFilter@9e2946, org.springframework.security.web.session.SessionManagementFilter@de4bee9, org.springframework.security.web.access.ExceptionTranslationFilter@3af30ab8, org.springframework.security.web.access.intercept.AuthorizationFilter@3e43fb40]
12:36:27.324 [main] INFO  o.a.coyote.http11.Http11NioProtocol - Starting ProtocolHandler ["http-nio-0.0.0.0-8090"]
12:36:27.358 [main] INFO  o.s.b.w.e.tomcat.TomcatWebServer - Tomcat started on port 8090 (http) with context path ''
12:36:27.370 [main] INFO  nabiOopFinal.nabiRentalApp - Started nabiRentalApp in 9.822 seconds (process running for 10.927)
12:36:39.441 [http-nio-0.0.0.0-8090-exec-1] INFO  o.a.c.c.C.[Tomcat].[localhost].[/] - Initializing Spring DispatcherServlet 'dispatcherServlet'
12:36:39.442 [http-nio-0.0.0.0-8090-exec-1] INFO  o.s.web.servlet.DispatcherServlet - Initializing Servlet 'dispatcherServlet'
12:36:39.443 [http-nio-0.0.0.0-8090-exec-1] INFO  o.s.web.servlet.DispatcherServlet - Completed initialization in 1 ms
12:36:39.468 [http-nio-0.0.0.0-8090-exec-1] WARN  o.s.w.s.h.HandlerMappingIntrospector - Cache miss for REQUEST dispatch to '/api/v1/rental/all/' (previous null). Performing MatchableHandlerMapping lookup. This is logged once only at WARN level, and every time at TRACE.
12:37:50.572 [http-nio-0.0.0.0-8090-exec-5] INFO  nabiOopFinal.service.AuthService - Login successful for email: elariz@gmail.com
12:40:51.254 [http-nio-0.0.0.0-8090-exec-2] INFO  nabiOopFinal.service.AuthService - Login successful for email: elariz@gmail.com
12:51:41.619 [http-nio-0.0.0.0-8090-exec-4] INFO  nabiOopFinal.service.AuthService - Login successful for email: elariz@gmail.com
12:57:32.670 [http-nio-0.0.0.0-8090-exec-9] INFO  nabiOopFinal.service.AuthService - Login successful for email: elariz@gmail.com
12:58:38.401 [http-nio-0.0.0.0-8090-exec-1] WARN  o.s.w.s.m.s.DefaultHandlerExceptionResolver - Resolved [org.springframework.web.HttpRequestMethodNotSupportedException: Request method 'PUT' is not supported]
12:58:56.143 [http-nio-0.0.0.0-8090-exec-1] INFO  o.s.api.AbstractOpenApiResource - Init duration for springdoc-openapi is: 338 ms
12:59:10.375 [http-nio-0.0.0.0-8090-exec-3] INFO  nabiOopFinal.service.AuthService - Login successful for email: elariz@gmail.com
13:05:19.346 [http-nio-0.0.0.0-8090-exec-6] INFO  nabiOopFinal.service.AuthService - Login successful for email: elariz@gmail.com
13:38:34.468 [SpringApplicationShutdownHook] INFO  o.s.o.j.LocalContainerEntityManagerFactoryBean - Closing JPA EntityManagerFactory for persistence unit 'default'
13:38:34.472 [SpringApplicationShutdownHook] INFO  com.zaxxer.hikari.HikariDataSource - HikariPool-1 - Shutdown initiated...
13:38:34.475 [SpringApplicationShutdownHook] INFO  com.zaxxer.hikari.HikariDataSource - HikariPool-1 - Shutdown completed.
13:38:37.635 [main] INFO  nabiOopFinal.nabiRentalApp - Starting nabiRentalApp using Java 20 with PID 22384 (C:\Users\BAKU\Documents\prj-rent-a-car-app-NabiShirinov-1\nabiFinalOop\oop\target\classes started by Nabi in C:\Users\BAKU\Documents\prj-rent-a-car-app-NabiShirinov-1\nabiFinalOop\oop)
13:38:37.637 [main] INFO  nabiOopFinal.nabiRentalApp - No active profile set, falling back to 1 default profile: "default"
13:38:38.593 [main] INFO  o.s.d.r.c.RepositoryConfigurationDelegate - Bootstrapping Spring Data JPA repositories in DEFAULT mode.
13:38:38.673 [main] INFO  o.s.d.r.c.RepositoryConfigurationDelegate - Finished Spring Data repository scanning in 68 ms. Found 3 JPA repository interfaces.
13:38:39.472 [main] INFO  o.s.b.w.e.tomcat.TomcatWebServer - Tomcat initialized with port 8090 (http)
13:38:39.481 [main] INFO  o.a.coyote.http11.Http11NioProtocol - Initializing ProtocolHandler ["http-nio-0.0.0.0-8090"]
13:38:39.484 [main] INFO  o.a.catalina.core.StandardService - Starting service [Tomcat]
13:38:39.484 [main] INFO  o.a.catalina.core.StandardEngine - Starting Servlet engine: [Apache Tomcat/10.1.16]
13:38:39.557 [main] INFO  o.a.c.c.C.[Tomcat].[localhost].[/] - Initializing Spring embedded WebApplicationContext
13:38:39.558 [main] INFO  o.s.b.w.s.c.ServletWebServerApplicationContext - Root WebApplicationContext: initialization completed in 1870 ms
13:38:39.726 [main] INFO  o.h.jpa.internal.util.LogHelper - HHH000204: Processing PersistenceUnitInfo [name: default]
13:38:39.800 [main] INFO  org.hibernate.Version - HHH000412: Hibernate ORM core version 6.3.1.Final
13:38:39.844 [main] INFO  o.h.c.i.RegionFactoryInitiator - HHH000026: Second-level cache disabled
13:38:40.185 [main] INFO  o.s.o.j.p.SpringPersistenceUnitInfo - No LoadTimeWeaver setup: ignoring JPA class transformer
13:38:40.214 [main] INFO  com.zaxxer.hikari.HikariDataSource - HikariPool-1 - Starting...
13:38:40.436 [main] INFO  com.zaxxer.hikari.pool.HikariPool - HikariPool-1 - Added connection org.postgresql.jdbc.PgConnection@6afeaf2d
13:38:40.438 [main] INFO  com.zaxxer.hikari.HikariDataSource - HikariPool-1 - Start completed.
13:38:41.575 [main] INFO  o.h.e.t.j.p.i.JtaPlatformInitiator - HHH000489: No JTA platform available (set 'hibernate.transaction.jta.platform' to enable JTA platform integration)
13:38:41.664 [main] INFO  o.s.o.j.LocalContainerEntityManagerFactoryBean - Initialized JPA EntityManagerFactory for persistence unit 'default'
13:38:42.137 [main] INFO  o.s.d.j.r.query.QueryEnhancerFactory - Hibernate is in classpath; If applicable, HQL parser will be used.
13:38:42.933 [main] WARN  o.s.b.a.o.j.JpaBaseConfiguration$JpaWebConfiguration - spring.jpa.open-in-view is enabled by default. Therefore, database queries may be performed during view rendering. Explicitly configure spring.jpa.open-in-view to disable this warning
13:38:43.908 [main] INFO  o.s.s.web.DefaultSecurityFilterChain - Will secure any request with [org.springframework.security.web.session.DisableEncodeUrlFilter@2765c3fc, org.springframework.security.web.context.request.async.WebAsyncManagerIntegrationFilter@52f2d8e8, org.springframework.security.web.context.SecurityContextHolderFilter@4a9d0c6f, org.springframework.security.web.header.HeaderWriterFilter@13e9a2f2, org.springframework.security.web.authentication.logout.LogoutFilter@711329fe, nabiOopFinal.security.JwtAuthenticationFilter@c62d08a, org.springframework.security.web.savedrequest.RequestCacheAwareFilter@de4bee9, org.springframework.security.web.servletapi.SecurityContextHolderAwareRequestFilter@62509b77, org.springframework.security.web.authentication.AnonymousAuthenticationFilter@3e43fb40, org.springframework.security.web.session.SessionManagementFilter@35c344ce, org.springframework.security.web.access.ExceptionTranslationFilter@3fb8e614, org.springframework.security.web.access.intercept.AuthorizationFilter@234ad505]
13:38:44.269 [main] INFO  o.a.coyote.http11.Http11NioProtocol - Starting ProtocolHandler ["http-nio-0.0.0.0-8090"]
13:38:44.297 [main] INFO  o.s.b.w.e.tomcat.TomcatWebServer - Tomcat started on port 8090 (http) with context path ''
13:38:44.309 [main] INFO  nabiOopFinal.nabiRentalApp - Started nabiRentalApp in 7.18 seconds (process running for 7.951)
13:39:02.829 [http-nio-0.0.0.0-8090-exec-1] INFO  o.a.c.c.C.[Tomcat].[localhost].[/] - Initializing Spring DispatcherServlet 'dispatcherServlet'
13:39:02.830 [http-nio-0.0.0.0-8090-exec-1] INFO  o.s.web.servlet.DispatcherServlet - Initializing Servlet 'dispatcherServlet'
13:39:02.832 [http-nio-0.0.0.0-8090-exec-1] INFO  o.s.web.servlet.DispatcherServlet - Completed initialization in 2 ms
13:39:02.853 [http-nio-0.0.0.0-8090-exec-1] WARN  o.s.w.s.h.HandlerMappingIntrospector - Cache miss for REQUEST dispatch to '/api/v1/auth/login' (previous null). Performing MatchableHandlerMapping lookup. This is logged once only at WARN level, and every time at TRACE.
13:39:03.317 [http-nio-0.0.0.0-8090-exec-1] INFO  nabiOopFinal.service.AuthService - Login successful for email: elariz@gmail.com
13:42:07.626 [SpringApplicationShutdownHook] INFO  o.s.o.j.LocalContainerEntityManagerFactoryBean - Closing JPA EntityManagerFactory for persistence unit 'default'
13:42:07.630 [SpringApplicationShutdownHook] INFO  com.zaxxer.hikari.HikariDataSource - HikariPool-1 - Shutdown initiated...
13:42:07.634 [SpringApplicationShutdownHook] INFO  com.zaxxer.hikari.HikariDataSource - HikariPool-1 - Shutdown completed.
13:42:12.574 [main] INFO  nabiOopFinal.nabiRentalApp - Starting nabiRentalApp using Java 20 with PID 10400 (C:\Users\BAKU\Documents\prj-rent-a-car-app-NabiShirinov-1\nabiFinalOop\oop\target\classes started by Nabi in C:\Users\BAKU\Documents\prj-rent-a-car-app-NabiShirinov-1\nabiFinalOop\oop)
13:42:12.576 [main] INFO  nabiOopFinal.nabiRentalApp - No active profile set, falling back to 1 default profile: "default"
13:42:13.525 [main] INFO  o.s.d.r.c.RepositoryConfigurationDelegate - Bootstrapping Spring Data JPA repositories in DEFAULT mode.
13:42:13.609 [main] INFO  o.s.d.r.c.RepositoryConfigurationDelegate - Finished Spring Data repository scanning in 66 ms. Found 3 JPA repository interfaces.
13:42:14.342 [main] INFO  o.s.b.w.e.tomcat.TomcatWebServer - Tomcat initialized with port 8090 (http)
13:42:14.354 [main] INFO  o.a.coyote.http11.Http11NioProtocol - Initializing ProtocolHandler ["http-nio-0.0.0.0-8090"]
13:42:14.357 [main] INFO  o.a.catalina.core.StandardService - Starting service [Tomcat]
13:42:14.357 [main] INFO  o.a.catalina.core.StandardEngine - Starting Servlet engine: [Apache Tomcat/10.1.16]
13:42:14.435 [main] INFO  o.a.c.c.C.[Tomcat].[localhost].[/] - Initializing Spring embedded WebApplicationContext
13:42:14.436 [main] INFO  o.s.b.w.s.c.ServletWebServerApplicationContext - Root WebApplicationContext: initialization completed in 1800 ms
13:42:14.618 [main] INFO  o.h.jpa.internal.util.LogHelper - HHH000204: Processing PersistenceUnitInfo [name: default]
13:42:14.677 [main] INFO  org.hibernate.Version - HHH000412: Hibernate ORM core version 6.3.1.Final
13:42:14.718 [main] INFO  o.h.c.i.RegionFactoryInitiator - HHH000026: Second-level cache disabled
13:42:14.976 [main] INFO  o.s.o.j.p.SpringPersistenceUnitInfo - No LoadTimeWeaver setup: ignoring JPA class transformer
13:42:15.008 [main] INFO  com.zaxxer.hikari.HikariDataSource - HikariPool-1 - Starting...
13:42:15.214 [main] INFO  com.zaxxer.hikari.pool.HikariPool - HikariPool-1 - Added connection org.postgresql.jdbc.PgConnection@da22aa
13:42:15.216 [main] INFO  com.zaxxer.hikari.HikariDataSource - HikariPool-1 - Start completed.
13:42:16.311 [main] INFO  o.h.e.t.j.p.i.JtaPlatformInitiator - HHH000489: No JTA platform available (set 'hibernate.transaction.jta.platform' to enable JTA platform integration)
13:42:16.398 [main] INFO  o.s.o.j.LocalContainerEntityManagerFactoryBean - Initialized JPA EntityManagerFactory for persistence unit 'default'
13:42:16.805 [main] INFO  o.s.d.j.r.query.QueryEnhancerFactory - Hibernate is in classpath; If applicable, HQL parser will be used.
13:42:17.564 [main] WARN  o.s.b.a.o.j.JpaBaseConfiguration$JpaWebConfiguration - spring.jpa.open-in-view is enabled by default. Therefore, database queries may be performed during view rendering. Explicitly configure spring.jpa.open-in-view to disable this warning
13:42:18.507 [main] INFO  o.s.s.web.DefaultSecurityFilterChain - Will secure any request with [org.springframework.security.web.session.DisableEncodeUrlFilter@4913465d, org.springframework.security.web.context.request.async.WebAsyncManagerIntegrationFilter@4aebd384, org.springframework.security.web.context.SecurityContextHolderFilter@5e388a77, org.springframework.security.web.header.HeaderWriterFilter@c9cd06e, org.springframework.security.web.authentication.logout.LogoutFilter@234ad505, nabiOopFinal.security.JwtAuthenticationFilter@e6d9c25, org.springframework.security.web.savedrequest.RequestCacheAwareFilter@55af9b48, org.springframework.security.web.servletapi.SecurityContextHolderAwareRequestFilter@890196b, org.springframework.security.web.authentication.AnonymousAuthenticationFilter@3b4e0786, org.springframework.security.web.session.SessionManagementFilter@339de67e, org.springframework.security.web.access.ExceptionTranslationFilter@385ff04e, org.springframework.security.web.access.intercept.AuthorizationFilter@3b47178c]
13:42:18.819 [main] INFO  o.a.coyote.http11.Http11NioProtocol - Starting ProtocolHandler ["http-nio-0.0.0.0-8090"]
13:42:18.848 [main] INFO  o.s.b.w.e.tomcat.TomcatWebServer - Tomcat started on port 8090 (http) with context path ''
13:42:18.859 [main] INFO  nabiOopFinal.nabiRentalApp - Started nabiRentalApp in 6.781 seconds (process running for 7.519)
13:42:27.323 [http-nio-0.0.0.0-8090-exec-2] INFO  o.a.c.c.C.[Tomcat].[localhost].[/] - Initializing Spring DispatcherServlet 'dispatcherServlet'
13:42:27.323 [http-nio-0.0.0.0-8090-exec-2] INFO  o.s.web.servlet.DispatcherServlet - Initializing Servlet 'dispatcherServlet'
13:42:27.325 [http-nio-0.0.0.0-8090-exec-2] INFO  o.s.web.servlet.DispatcherServlet - Completed initialization in 2 ms
13:42:27.346 [http-nio-0.0.0.0-8090-exec-2] WARN  o.s.w.s.h.HandlerMappingIntrospector - Cache miss for REQUEST dispatch to '/api/v1/auth/login' (previous null). Performing MatchableHandlerMapping lookup. This is logged once only at WARN level, and every time at TRACE.
13:42:27.825 [http-nio-0.0.0.0-8090-exec-2] INFO  nabiOopFinal.service.AuthService - Login successful for email: elariz@gmail.com
13:47:05.651 [SpringApplicationShutdownHook] INFO  o.s.o.j.LocalContainerEntityManagerFactoryBean - Closing JPA EntityManagerFactory for persistence unit 'default'
13:47:05.656 [SpringApplicationShutdownHook] INFO  com.zaxxer.hikari.HikariDataSource - HikariPool-1 - Shutdown initiated...
13:47:05.660 [SpringApplicationShutdownHook] INFO  com.zaxxer.hikari.HikariDataSource - HikariPool-1 - Shutdown completed.
13:47:10.809 [main] INFO  nabiOopFinal.nabiRentalApp - Starting nabiRentalApp using Java 20 with PID 8416 (C:\Users\BAKU\Documents\prj-rent-a-car-app-NabiShirinov-1\nabiFinalOop\oop\target\classes started by Nabi in C:\Users\BAKU\Documents\prj-rent-a-car-app-NabiShirinov-1\nabiFinalOop\oop)
13:47:10.812 [main] INFO  nabiOopFinal.nabiRentalApp - No active profile set, falling back to 1 default profile: "default"
13:47:11.895 [main] INFO  o.s.d.r.c.RepositoryConfigurationDelegate - Bootstrapping Spring Data JPA repositories in DEFAULT mode.
13:47:11.981 [main] INFO  o.s.d.r.c.RepositoryConfigurationDelegate - Finished Spring Data repository scanning in 77 ms. Found 3 JPA repository interfaces.
13:47:12.719 [main] INFO  o.s.b.w.e.tomcat.TomcatWebServer - Tomcat initialized with port 8090 (http)
13:47:12.727 [main] INFO  o.a.coyote.http11.Http11NioProtocol - Initializing ProtocolHandler ["http-nio-8090"]
13:47:12.730 [main] INFO  o.a.catalina.core.StandardService - Starting service [Tomcat]
13:47:12.730 [main] INFO  o.a.catalina.core.StandardEngine - Starting Servlet engine: [Apache Tomcat/10.1.16]
13:47:12.799 [main] INFO  o.a.c.c.C.[Tomcat].[localhost].[/] - Initializing Spring embedded WebApplicationContext
13:47:12.800 [main] INFO  o.s.b.w.s.c.ServletWebServerApplicationContext - Root WebApplicationContext: initialization completed in 1916 ms
13:47:12.991 [main] INFO  o.h.jpa.internal.util.LogHelper - HHH000204: Processing PersistenceUnitInfo [name: default]
13:47:13.068 [main] INFO  org.hibernate.Version - HHH000412: Hibernate ORM core version 6.3.1.Final
13:47:13.121 [main] INFO  o.h.c.i.RegionFactoryInitiator - HHH000026: Second-level cache disabled
13:47:13.392 [main] INFO  o.s.o.j.p.SpringPersistenceUnitInfo - No LoadTimeWeaver setup: ignoring JPA class transformer
13:47:13.420 [main] INFO  com.zaxxer.hikari.HikariDataSource - HikariPool-1 - Starting...
13:47:13.629 [main] INFO  com.zaxxer.hikari.pool.HikariPool - HikariPool-1 - Added connection org.postgresql.jdbc.PgConnection@3f1158ee
13:47:13.631 [main] INFO  com.zaxxer.hikari.HikariDataSource - HikariPool-1 - Start completed.
13:47:14.933 [main] INFO  o.h.e.t.j.p.i.JtaPlatformInitiator - HHH000489: No JTA platform available (set 'hibernate.transaction.jta.platform' to enable JTA platform integration)
13:47:15.021 [main] INFO  o.s.o.j.LocalContainerEntityManagerFactoryBean - Initialized JPA EntityManagerFactory for persistence unit 'default'
13:47:15.470 [main] INFO  o.s.d.j.r.query.QueryEnhancerFactory - Hibernate is in classpath; If applicable, HQL parser will be used.
13:47:16.290 [main] WARN  o.s.b.a.o.j.JpaBaseConfiguration$JpaWebConfiguration - spring.jpa.open-in-view is enabled by default. Therefore, database queries may be performed during view rendering. Explicitly configure spring.jpa.open-in-view to disable this warning
13:47:17.333 [main] INFO  o.s.s.web.DefaultSecurityFilterChain - Will secure any request with [org.springframework.security.web.session.DisableEncodeUrlFilter@711329fe, org.springframework.security.web.context.request.async.WebAsyncManagerIntegrationFilter@2088e339, org.springframework.security.web.context.SecurityContextHolderFilter@3af30ab8, org.springframework.security.web.header.HeaderWriterFilter@77cac3b, org.springframework.security.web.authentication.logout.LogoutFilter@1c83652d, nabiOopFinal.security.JwtAuthenticationFilter@4e64e44c, org.springframework.security.web.savedrequest.RequestCacheAwareFilter@6565691a, org.springframework.security.web.servletapi.SecurityContextHolderAwareRequestFilter@1a5b8f77, org.springframework.security.web.authentication.AnonymousAuthenticationFilter@37c5e2e6, org.springframework.security.web.session.SessionManagementFilter@13e9a2f2, org.springframework.security.web.access.ExceptionTranslationFilter@35984172, org.springframework.security.web.access.intercept.AuthorizationFilter@1ff9d66b]
13:47:17.679 [main] INFO  o.a.coyote.http11.Http11NioProtocol - Starting ProtocolHandler ["http-nio-8090"]
13:47:17.709 [main] INFO  o.s.b.w.e.tomcat.TomcatWebServer - Tomcat started on port 8090 (http) with context path ''
13:47:17.722 [main] INFO  nabiOopFinal.nabiRentalApp - Started nabiRentalApp in 7.486 seconds (process running for 8.334)
13:47:18.105 [http-nio-8090-exec-2] INFO  o.a.c.c.C.[Tomcat].[localhost].[/] - Initializing Spring DispatcherServlet 'dispatcherServlet'
13:47:18.105 [http-nio-8090-exec-2] INFO  o.s.web.servlet.DispatcherServlet - Initializing Servlet 'dispatcherServlet'
13:47:18.107 [http-nio-8090-exec-2] INFO  o.s.web.servlet.DispatcherServlet - Completed initialization in 1 ms
13:47:18.127 [http-nio-8090-exec-2] WARN  o.s.w.s.h.HandlerMappingIntrospector - Cache miss for REQUEST dispatch to '/api/v1/auth/login' (previous null). Performing MatchableHandlerMapping lookup. This is logged once only at WARN level, and every time at TRACE.
13:47:18.585 [http-nio-8090-exec-2] INFO  nabiOopFinal.service.AuthService - Login successful for email: elariz@gmail.com
13:52:16.828 [http-nio-8090-exec-8] ERROR o.a.c.c.C.[.[.[.[dispatcherServlet] - Servlet.service() for servlet [dispatcherServlet] in context with path [] threw exception
io.jsonwebtoken.MalformedJwtException: JWT strings must contain exactly 2 period characters. Found: 3
	at io.jsonwebtoken.impl.DefaultJwtParser.parse(DefaultJwtParser.java:275)
	at io.jsonwebtoken.impl.DefaultJwtParser.parse(DefaultJwtParser.java:529)
	at io.jsonwebtoken.impl.DefaultJwtParser.parseClaimsJws(DefaultJwtParser.java:589)
	at io.jsonwebtoken.impl.ImmutableJwtParser.parseClaimsJws(ImmutableJwtParser.java:173)
	at nabiOopFinal.security.JwtService.extractAllClaims(JwtService.java:93)
	at nabiOopFinal.security.JwtService.extractClaim(JwtService.java:36)
	at nabiOopFinal.security.JwtService.extractUsername(JwtService.java:32)
	at nabiOopFinal.security.JwtAuthenticationFilter.doFilterInternal(JwtAuthenticationFilter.java:46)
	at org.springframework.web.filter.OncePerRequestFilter.doFilter(OncePerRequestFilter.java:116)
	at org.springframework.security.web.FilterChainProxy$VirtualFilterChain.doFilter(FilterChainProxy.java:374)
	at org.springframework.security.web.authentication.logout.LogoutFilter.doFilter(LogoutFilter.java:107)
	at org.springframework.security.web.authentication.logout.LogoutFilter.doFilter(LogoutFilter.java:93)
	at org.springframework.security.web.FilterChainProxy$VirtualFilterChain.doFilter(FilterChainProxy.java:374)
	at org.springframework.security.web.header.HeaderWriterFilter.doHeadersAfter(HeaderWriterFilter.java:90)
	at org.springframework.security.web.header.HeaderWriterFilter.doFilterInternal(HeaderWriterFilter.java:75)
	at org.springframework.web.filter.OncePerRequestFilter.doFilter(OncePerRequestFilter.java:116)
	at org.springframework.security.web.FilterChainProxy$VirtualFilterChain.doFilter(FilterChainProxy.java:374)
	at org.springframework.security.web.context.SecurityContextHolderFilter.doFilter(SecurityContextHolderFilter.java:82)
	at org.springframework.security.web.context.SecurityContextHolderFilter.doFilter(SecurityContextHolderFilter.java:69)
	at org.springframework.security.web.FilterChainProxy$VirtualFilterChain.doFilter(FilterChainProxy.java:374)
	at org.springframework.security.web.context.request.async.WebAsyncManagerIntegrationFilter.doFilterInternal(WebAsyncManagerIntegrationFilter.java:62)
	at org.springframework.web.filter.OncePerRequestFilter.doFilter(OncePerRequestFilter.java:116)
	at org.springframework.security.web.FilterChainProxy$VirtualFilterChain.doFilter(FilterChainProxy.java:374)
	at org.springframework.security.web.session.DisableEncodeUrlFilter.doFilterInternal(DisableEncodeUrlFilter.java:42)
	at org.springframework.web.filter.OncePerRequestFilter.doFilter(OncePerRequestFilter.java:116)
	at org.springframework.security.web.FilterChainProxy$VirtualFilterChain.doFilter(FilterChainProxy.java:374)
	at org.springframework.security.web.FilterChainProxy.doFilterInternal(FilterChainProxy.java:233)
	at org.springframework.security.web.FilterChainProxy.doFilter(FilterChainProxy.java:191)
	at org.springframework.web.filter.DelegatingFilterProxy.invokeDelegate(DelegatingFilterProxy.java:352)
	at org.springframework.web.filter.DelegatingFilterProxy.doFilter(DelegatingFilterProxy.java:268)
	at org.apache.catalina.core.ApplicationFilterChain.internalDoFilter(ApplicationFilterChain.java:174)
	at org.apache.catalina.core.ApplicationFilterChain.doFilter(ApplicationFilterChain.java:149)
	at org.springframework.web.filter.RequestContextFilter.doFilterInternal(RequestContextFilter.java:100)
	at org.springframework.web.filter.OncePerRequestFilter.doFilter(OncePerRequestFilter.java:116)
	at org.apache.catalina.core.ApplicationFilterChain.internalDoFilter(ApplicationFilterChain.java:174)
	at org.apache.catalina.core.ApplicationFilterChain.doFilter(ApplicationFilterChain.java:149)
	at org.springframework.web.filter.FormContentFilter.doFilterInternal(FormContentFilter.java:93)
	at org.springframework.web.filter.OncePerRequestFilter.doFilter(OncePerRequestFilter.java:116)
	at org.apache.catalina.core.ApplicationFilterChain.internalDoFilter(ApplicationFilterChain.java:174)
	at org.apache.catalina.core.ApplicationFilterChain.doFilter(ApplicationFilterChain.java:149)
	at org.springframework.web.filter.CharacterEncodingFilter.doFilterInternal(CharacterEncodingFilter.java:201)
	at org.springframework.web.filter.OncePerRequestFilter.doFilter(OncePerRequestFilter.java:116)
	at org.apache.catalina.core.ApplicationFilterChain.internalDoFilter(ApplicationFilterChain.java:174)
	at org.apache.catalina.core.ApplicationFilterChain.doFilter(ApplicationFilterChain.java:149)
	at org.apache.catalina.core.StandardWrapperValve.invoke(StandardWrapperValve.java:167)
	at org.apache.catalina.core.StandardContextValve.invoke(StandardContextValve.java:90)
	at org.apache.catalina.authenticator.AuthenticatorBase.invoke(AuthenticatorBase.java:482)
	at org.apache.catalina.core.StandardHostValve.invoke(StandardHostValve.java:115)
	at org.apache.catalina.valves.ErrorReportValve.invoke(ErrorReportValve.java:93)
	at org.apache.catalina.core.StandardEngineValve.invoke(StandardEngineValve.java:74)
	at org.apache.catalina.connector.CoyoteAdapter.service(CoyoteAdapter.java:340)
	at org.apache.coyote.http11.Http11Processor.service(Http11Processor.java:391)
	at org.apache.coyote.AbstractProcessorLight.process(AbstractProcessorLight.java:63)
	at org.apache.coyote.AbstractProtocol$ConnectionHandler.process(AbstractProtocol.java:896)
	at org.apache.tomcat.util.net.NioEndpoint$SocketProcessor.doRun(NioEndpoint.java:1744)
	at org.apache.tomcat.util.net.SocketProcessorBase.run(SocketProcessorBase.java:52)
	at org.apache.tomcat.util.threads.ThreadPoolExecutor.runWorker(ThreadPoolExecutor.java:1191)
	at org.apache.tomcat.util.threads.ThreadPoolExecutor$Worker.run(ThreadPoolExecutor.java:659)
	at org.apache.tomcat.util.threads.TaskThread$WrappingRunnable.run(TaskThread.java:61)
	at java.base/java.lang.Thread.run(Thread.java:1623)
13:52:26.651 [http-nio-8090-exec-10] INFO  nabiOopFinal.service.AuthService - Login successful for email: elariz@gmail.com
14:03:56.146 [SpringApplicationShutdownHook] INFO  o.s.o.j.LocalContainerEntityManagerFactoryBean - Closing JPA EntityManagerFactory for persistence unit 'default'
14:03:56.149 [SpringApplicationShutdownHook] INFO  com.zaxxer.hikari.HikariDataSource - HikariPool-1 - Shutdown initiated...
14:03:56.153 [SpringApplicationShutdownHook] INFO  com.zaxxer.hikari.HikariDataSource - HikariPool-1 - Shutdown completed.
14:04:01.104 [main] INFO  nabiOopFinal.nabiRentalApp - Starting nabiRentalApp using Java 20 with PID 19948 (C:\Users\BAKU\Documents\prj-rent-a-car-app-NabiShirinov-1\nabiFinalOop\oop\target\classes started by Nabi in C:\Users\BAKU\Documents\prj-rent-a-car-app-NabiShirinov-1\nabiFinalOop\oop)
14:04:01.106 [main] INFO  nabiOopFinal.nabiRentalApp - No active profile set, falling back to 1 default profile: "default"
14:04:02.088 [main] INFO  o.s.d.r.c.RepositoryConfigurationDelegate - Bootstrapping Spring Data JPA repositories in DEFAULT mode.
14:04:02.177 [main] INFO  o.s.d.r.c.RepositoryConfigurationDelegate - Finished Spring Data repository scanning in 78 ms. Found 3 JPA repository interfaces.
14:04:02.872 [main] INFO  o.s.b.w.e.tomcat.TomcatWebServer - Tomcat initialized with port 8090 (http)
14:04:02.881 [main] INFO  o.a.coyote.http11.Http11NioProtocol - Initializing ProtocolHandler ["http-nio-8090"]
14:04:02.884 [main] INFO  o.a.catalina.core.StandardService - Starting service [Tomcat]
14:04:02.884 [main] INFO  o.a.catalina.core.StandardEngine - Starting Servlet engine: [Apache Tomcat/10.1.16]
14:04:02.953 [main] INFO  o.a.c.c.C.[Tomcat].[localhost].[/] - Initializing Spring embedded WebApplicationContext
14:04:02.954 [main] INFO  o.s.b.w.s.c.ServletWebServerApplicationContext - Root WebApplicationContext: initialization completed in 1791 ms
14:04:03.146 [main] INFO  o.h.jpa.internal.util.LogHelper - HHH000204: Processing PersistenceUnitInfo [name: default]
14:04:03.206 [main] INFO  org.hibernate.Version - HHH000412: Hibernate ORM core version 6.3.1.Final
14:04:03.253 [main] INFO  o.h.c.i.RegionFactoryInitiator - HHH000026: Second-level cache disabled
14:04:03.537 [main] INFO  o.s.o.j.p.SpringPersistenceUnitInfo - No LoadTimeWeaver setup: ignoring JPA class transformer
14:04:03.566 [main] INFO  com.zaxxer.hikari.HikariDataSource - HikariPool-1 - Starting...
14:04:03.789 [main] INFO  com.zaxxer.hikari.pool.HikariPool - HikariPool-1 - Added connection org.postgresql.jdbc.PgConnection@13c90c06
14:04:03.792 [main] INFO  com.zaxxer.hikari.HikariDataSource - HikariPool-1 - Start completed.
14:04:04.955 [main] INFO  o.h.e.t.j.p.i.JtaPlatformInitiator - HHH000489: No JTA platform available (set 'hibernate.transaction.jta.platform' to enable JTA platform integration)
14:04:05.047 [main] INFO  o.s.o.j.LocalContainerEntityManagerFactoryBean - Initialized JPA EntityManagerFactory for persistence unit 'default'
14:04:05.493 [main] INFO  o.s.d.j.r.query.QueryEnhancerFactory - Hibernate is in classpath; If applicable, HQL parser will be used.
14:04:06.369 [main] WARN  o.s.b.a.o.j.JpaBaseConfiguration$JpaWebConfiguration - spring.jpa.open-in-view is enabled by default. Therefore, database queries may be performed during view rendering. Explicitly configure spring.jpa.open-in-view to disable this warning
14:04:07.424 [main] INFO  o.s.s.web.DefaultSecurityFilterChain - Will secure any request with [org.springframework.security.web.session.DisableEncodeUrlFilter@1e2c701, org.springframework.security.web.context.request.async.WebAsyncManagerIntegrationFilter@21e441d1, org.springframework.security.web.context.SecurityContextHolderFilter@74eebb25, org.springframework.security.web.header.HeaderWriterFilter@35984172, org.springframework.security.web.authentication.logout.LogoutFilter@c79a727, nabiOopFinal.security.JwtAuthenticationFilter@51413d02, org.springframework.security.web.savedrequest.RequestCacheAwareFilter@3af30ab8, org.springframework.security.web.servletapi.SecurityContextHolderAwareRequestFilter@6453c126, org.springframework.security.web.authentication.AnonymousAuthenticationFilter@711329fe, org.springframework.security.web.session.SessionManagementFilter@3fb8e614, org.springframework.security.web.access.ExceptionTranslationFilter@46a6b8d6, org.springframework.security.web.access.intercept.AuthorizationFilter@2620d0dc]
14:04:07.772 [main] INFO  o.a.coyote.http11.Http11NioProtocol - Starting ProtocolHandler ["http-nio-8090"]
14:04:07.803 [main] INFO  o.s.b.w.e.tomcat.TomcatWebServer - Tomcat started on port 8090 (http) with context path ''
14:04:07.814 [main] INFO  nabiOopFinal.nabiRentalApp - Started nabiRentalApp in 7.209 seconds (process running for 7.964)
14:04:28.908 [http-nio-8090-exec-2] INFO  o.a.c.c.C.[Tomcat].[localhost].[/] - Initializing Spring DispatcherServlet 'dispatcherServlet'
14:04:28.909 [http-nio-8090-exec-2] INFO  o.s.web.servlet.DispatcherServlet - Initializing Servlet 'dispatcherServlet'
14:04:28.911 [http-nio-8090-exec-2] INFO  o.s.web.servlet.DispatcherServlet - Completed initialization in 1 ms
14:04:28.933 [http-nio-8090-exec-2] WARN  o.s.w.s.h.HandlerMappingIntrospector - Cache miss for REQUEST dispatch to '/api/v1/auth/login' (previous null). Performing MatchableHandlerMapping lookup. This is logged once only at WARN level, and every time at TRACE.
14:04:29.409 [http-nio-8090-exec-2] INFO  nabiOopFinal.service.AuthService - Login successful for email: elariz@gmail.com
14:05:26.573 [http-nio-8090-exec-5] INFO  o.s.api.AbstractOpenApiResource - Init duration for springdoc-openapi is: 318 ms
14:05:57.669 [http-nio-8090-exec-9] INFO  nabiOopFinal.service.AuthService - Login successful for email: elariz@gmail.com
14:10:24.748 [SpringApplicationShutdownHook] INFO  o.s.o.j.LocalContainerEntityManagerFactoryBean - Closing JPA EntityManagerFactory for persistence unit 'default'
14:10:24.753 [SpringApplicationShutdownHook] INFO  com.zaxxer.hikari.HikariDataSource - HikariPool-1 - Shutdown initiated...
14:10:24.758 [SpringApplicationShutdownHook] INFO  com.zaxxer.hikari.HikariDataSource - HikariPool-1 - Shutdown completed.
14:10:29.550 [main] INFO  nabiOopFinal.nabiRentalApp - Starting nabiRentalApp using Java 20 with PID 19160 (C:\Users\BAKU\Documents\prj-rent-a-car-app-NabiShirinov-1\nabiFinalOop\oop\target\classes started by Nabi in C:\Users\BAKU\Documents\prj-rent-a-car-app-NabiShirinov-1\nabiFinalOop\oop)
14:10:29.552 [main] INFO  nabiOopFinal.nabiRentalApp - No active profile set, falling back to 1 default profile: "default"
14:10:30.505 [main] INFO  o.s.d.r.c.RepositoryConfigurationDelegate - Bootstrapping Spring Data JPA repositories in DEFAULT mode.
14:10:30.583 [main] INFO  o.s.d.r.c.RepositoryConfigurationDelegate - Finished Spring Data repository scanning in 69 ms. Found 3 JPA repository interfaces.
14:10:31.282 [main] INFO  o.s.b.w.e.tomcat.TomcatWebServer - Tomcat initialized with port 8090 (http)
14:10:31.289 [main] INFO  o.a.coyote.http11.Http11NioProtocol - Initializing ProtocolHandler ["http-nio-8090"]
14:10:31.291 [main] INFO  o.a.catalina.core.StandardService - Starting service [Tomcat]
14:10:31.291 [main] INFO  o.a.catalina.core.StandardEngine - Starting Servlet engine: [Apache Tomcat/10.1.16]
14:10:31.363 [main] INFO  o.a.c.c.C.[Tomcat].[localhost].[/] - Initializing Spring embedded WebApplicationContext
14:10:31.364 [main] INFO  o.s.b.w.s.c.ServletWebServerApplicationContext - Root WebApplicationContext: initialization completed in 1757 ms
14:10:31.564 [main] INFO  o.h.jpa.internal.util.LogHelper - HHH000204: Processing PersistenceUnitInfo [name: default]
14:10:31.626 [main] INFO  org.hibernate.Version - HHH000412: Hibernate ORM core version 6.3.1.Final
14:10:31.665 [main] INFO  o.h.c.i.RegionFactoryInitiator - HHH000026: Second-level cache disabled
14:10:31.934 [main] INFO  o.s.o.j.p.SpringPersistenceUnitInfo - No LoadTimeWeaver setup: ignoring JPA class transformer
14:10:31.966 [main] INFO  com.zaxxer.hikari.HikariDataSource - HikariPool-1 - Starting...
14:10:32.171 [main] INFO  com.zaxxer.hikari.pool.HikariPool - HikariPool-1 - Added connection org.postgresql.jdbc.PgConnection@29892a77
14:10:32.173 [main] INFO  com.zaxxer.hikari.HikariDataSource - HikariPool-1 - Start completed.
14:10:33.308 [main] INFO  o.h.e.t.j.p.i.JtaPlatformInitiator - HHH000489: No JTA platform available (set 'hibernate.transaction.jta.platform' to enable JTA platform integration)
14:10:33.416 [main] INFO  o.s.o.j.LocalContainerEntityManagerFactoryBean - Initialized JPA EntityManagerFactory for persistence unit 'default'
14:10:33.832 [main] INFO  o.s.d.j.r.query.QueryEnhancerFactory - Hibernate is in classpath; If applicable, HQL parser will be used.
14:10:34.706 [main] WARN  o.s.b.a.o.j.JpaBaseConfiguration$JpaWebConfiguration - spring.jpa.open-in-view is enabled by default. Therefore, database queries may be performed during view rendering. Explicitly configure spring.jpa.open-in-view to disable this warning
14:10:35.704 [main] INFO  o.s.s.web.DefaultSecurityFilterChain - Will secure any request with [org.springframework.security.web.session.DisableEncodeUrlFilter@1ff9d66b, org.springframework.security.web.context.request.async.WebAsyncManagerIntegrationFilter@1e2c701, org.springframework.security.web.context.SecurityContextHolderFilter@13e9a2f2, org.springframework.security.web.header.HeaderWriterFilter@485996f7, org.springframework.security.web.authentication.logout.LogoutFilter@78494a59, nabiOopFinal.security.JwtAuthenticationFilter@4ad113d6, org.springframework.security.web.savedrequest.RequestCacheAwareFilter@c1e7bea, org.springframework.security.web.servletapi.SecurityContextHolderAwareRequestFilter@3af30ab8, org.springframework.security.web.authentication.AnonymousAuthenticationFilter@21e441d1, org.springframework.security.web.session.SessionManagementFilter@10fef3d1, org.springframework.security.web.access.ExceptionTranslationFilter@14eaab92, org.springframework.security.web.access.intercept.AuthorizationFilter@72bd8702]
14:10:36.054 [main] INFO  o.a.coyote.http11.Http11NioProtocol - Starting ProtocolHandler ["http-nio-8090"]
14:10:36.079 [main] INFO  o.s.b.w.e.tomcat.TomcatWebServer - Tomcat started on port 8090 (http) with context path ''
14:10:36.092 [main] INFO  nabiOopFinal.nabiRentalApp - Started nabiRentalApp in 7.046 seconds (process running for 7.776)
14:10:41.710 [http-nio-8090-exec-2] INFO  o.a.c.c.C.[Tomcat].[localhost].[/] - Initializing Spring DispatcherServlet 'dispatcherServlet'
14:10:41.711 [http-nio-8090-exec-2] INFO  o.s.web.servlet.DispatcherServlet - Initializing Servlet 'dispatcherServlet'
14:10:41.713 [http-nio-8090-exec-2] INFO  o.s.web.servlet.DispatcherServlet - Completed initialization in 2 ms
14:10:41.730 [http-nio-8090-exec-2] WARN  o.s.w.s.h.HandlerMappingIntrospector - Cache miss for REQUEST dispatch to '/api/v1/auth/login' (previous null). Performing MatchableHandlerMapping lookup. This is logged once only at WARN level, and every time at TRACE.
14:10:42.197 [http-nio-8090-exec-2] INFO  nabiOopFinal.service.AuthService - Login successful for email: elariz@gmail.com
14:11:03.968 [http-nio-8090-exec-4] ERROR o.a.c.c.C.[.[.[.[dispatcherServlet] - Servlet.service() for servlet [dispatcherServlet] in context with path [] threw exception
io.jsonwebtoken.security.SignatureException: JWT signature does not match locally computed signature. JWT validity cannot be asserted and should not be trusted.
	at io.jsonwebtoken.impl.DefaultJwtParser.parse(DefaultJwtParser.java:399)
	at io.jsonwebtoken.impl.DefaultJwtParser.parse(DefaultJwtParser.java:529)
	at io.jsonwebtoken.impl.DefaultJwtParser.parseClaimsJws(DefaultJwtParser.java:589)
	at io.jsonwebtoken.impl.ImmutableJwtParser.parseClaimsJws(ImmutableJwtParser.java:173)
	at nabiOopFinal.security.JwtService.extractAllClaims(JwtService.java:93)
	at nabiOopFinal.security.JwtService.extractClaim(JwtService.java:36)
	at nabiOopFinal.security.JwtService.extractUsername(JwtService.java:32)
	at nabiOopFinal.security.JwtAuthenticationFilter.doFilterInternal(JwtAuthenticationFilter.java:46)
	at org.springframework.web.filter.OncePerRequestFilter.doFilter(OncePerRequestFilter.java:116)
	at org.springframework.security.web.FilterChainProxy$VirtualFilterChain.doFilter(FilterChainProxy.java:374)
	at org.springframework.security.web.authentication.logout.LogoutFilter.doFilter(LogoutFilter.java:107)
	at org.springframework.security.web.authentication.logout.LogoutFilter.doFilter(LogoutFilter.java:93)
	at org.springframework.security.web.FilterChainProxy$VirtualFilterChain.doFilter(FilterChainProxy.java:374)
	at org.springframework.security.web.header.HeaderWriterFilter.doHeadersAfter(HeaderWriterFilter.java:90)
	at org.springframework.security.web.header.HeaderWriterFilter.doFilterInternal(HeaderWriterFilter.java:75)
	at org.springframework.web.filter.OncePerRequestFilter.doFilter(OncePerRequestFilter.java:116)
	at org.springframework.security.web.FilterChainProxy$VirtualFilterChain.doFilter(FilterChainProxy.java:374)
	at org.springframework.security.web.context.SecurityContextHolderFilter.doFilter(SecurityContextHolderFilter.java:82)
	at org.springframework.security.web.context.SecurityContextHolderFilter.doFilter(SecurityContextHolderFilter.java:69)
	at org.springframework.security.web.FilterChainProxy$VirtualFilterChain.doFilter(FilterChainProxy.java:374)
	at org.springframework.security.web.context.request.async.WebAsyncManagerIntegrationFilter.doFilterInternal(WebAsyncManagerIntegrationFilter.java:62)
	at org.springframework.web.filter.OncePerRequestFilter.doFilter(OncePerRequestFilter.java:116)
	at org.springframework.security.web.FilterChainProxy$VirtualFilterChain.doFilter(FilterChainProxy.java:374)
	at org.springframework.security.web.session.DisableEncodeUrlFilter.doFilterInternal(DisableEncodeUrlFilter.java:42)
	at org.springframework.web.filter.OncePerRequestFilter.doFilter(OncePerRequestFilter.java:116)
	at org.springframework.security.web.FilterChainProxy$VirtualFilterChain.doFilter(FilterChainProxy.java:374)
	at org.springframework.security.web.FilterChainProxy.doFilterInternal(FilterChainProxy.java:233)
	at org.springframework.security.web.FilterChainProxy.doFilter(FilterChainProxy.java:191)
	at org.springframework.web.filter.DelegatingFilterProxy.invokeDelegate(DelegatingFilterProxy.java:352)
	at org.springframework.web.filter.DelegatingFilterProxy.doFilter(DelegatingFilterProxy.java:268)
	at org.apache.catalina.core.ApplicationFilterChain.internalDoFilter(ApplicationFilterChain.java:174)
	at org.apache.catalina.core.ApplicationFilterChain.doFilter(ApplicationFilterChain.java:149)
	at org.springframework.web.filter.RequestContextFilter.doFilterInternal(RequestContextFilter.java:100)
	at org.springframework.web.filter.OncePerRequestFilter.doFilter(OncePerRequestFilter.java:116)
	at org.apache.catalina.core.ApplicationFilterChain.internalDoFilter(ApplicationFilterChain.java:174)
	at org.apache.catalina.core.ApplicationFilterChain.doFilter(ApplicationFilterChain.java:149)
	at org.springframework.web.filter.FormContentFilter.doFilterInternal(FormContentFilter.java:93)
	at org.springframework.web.filter.OncePerRequestFilter.doFilter(OncePerRequestFilter.java:116)
	at org.apache.catalina.core.ApplicationFilterChain.internalDoFilter(ApplicationFilterChain.java:174)
	at org.apache.catalina.core.ApplicationFilterChain.doFilter(ApplicationFilterChain.java:149)
	at org.springframework.web.filter.CharacterEncodingFilter.doFilterInternal(CharacterEncodingFilter.java:201)
	at org.springframework.web.filter.OncePerRequestFilter.doFilter(OncePerRequestFilter.java:116)
	at org.apache.catalina.core.ApplicationFilterChain.internalDoFilter(ApplicationFilterChain.java:174)
	at org.apache.catalina.core.ApplicationFilterChain.doFilter(ApplicationFilterChain.java:149)
	at org.apache.catalina.core.StandardWrapperValve.invoke(StandardWrapperValve.java:167)
	at org.apache.catalina.core.StandardContextValve.invoke(StandardContextValve.java:90)
	at org.apache.catalina.authenticator.AuthenticatorBase.invoke(AuthenticatorBase.java:482)
	at org.apache.catalina.core.StandardHostValve.invoke(StandardHostValve.java:115)
	at org.apache.catalina.valves.ErrorReportValve.invoke(ErrorReportValve.java:93)
	at org.apache.catalina.core.StandardEngineValve.invoke(StandardEngineValve.java:74)
	at org.apache.catalina.connector.CoyoteAdapter.service(CoyoteAdapter.java:340)
	at org.apache.coyote.http11.Http11Processor.service(Http11Processor.java:391)
	at org.apache.coyote.AbstractProcessorLight.process(AbstractProcessorLight.java:63)
	at org.apache.coyote.AbstractProtocol$ConnectionHandler.process(AbstractProtocol.java:896)
	at org.apache.tomcat.util.net.NioEndpoint$SocketProcessor.doRun(NioEndpoint.java:1744)
	at org.apache.tomcat.util.net.SocketProcessorBase.run(SocketProcessorBase.java:52)
	at org.apache.tomcat.util.threads.ThreadPoolExecutor.runWorker(ThreadPoolExecutor.java:1191)
	at org.apache.tomcat.util.threads.ThreadPoolExecutor$Worker.run(ThreadPoolExecutor.java:659)
	at org.apache.tomcat.util.threads.TaskThread$WrappingRunnable.run(TaskThread.java:61)
	at java.base/java.lang.Thread.run(Thread.java:1623)
14:16:11.710 [http-nio-8090-exec-6] INFO  nabiOopFinal.service.AuthService - Login successful for email: elariz@gmail.com
14:16:43.325 [http-nio-8090-exec-2] INFO  nabiOopFinal.service.AuthService - Login successful for email: elariz@gmail.com
14:18:37.568 [SpringApplicationShutdownHook] INFO  o.s.o.j.LocalContainerEntityManagerFactoryBean - Closing JPA EntityManagerFactory for persistence unit 'default'
14:18:37.574 [SpringApplicationShutdownHook] INFO  com.zaxxer.hikari.HikariDataSource - HikariPool-1 - Shutdown initiated...
14:18:37.602 [SpringApplicationShutdownHook] INFO  com.zaxxer.hikari.HikariDataSource - HikariPool-1 - Shutdown completed.
